[    0.000000 Initializing cgroup subsys cpuset
[    0.000000] Initializing cgroup subsys cpu
[    0.000000] Initializing cgroup subs cuacct
[    0.000000] Linux version 4.4.0-130-generc (buildd@lgw01-amd64-039) (gcc versiion 5.4.0 20160609 (Ubuntu 5.4.0-6ubuntu1~16.04.9) ) #156-Ubuntu SMP Thu Jun 14 08:53:28 UTC 2018 (Ubuntu 4.4.0-130.156-generic 4.4.134)
[    0.000000] Command line: BOOT_IMAGE=/boot/vmlinuz-4.4.030-generic root=LABEL=cloudimg-rootfs ro console=tty1 console=ttyS0
[    0.000000] KERNEL supported cpus:
[    0.000000]   IntelGenuineIntel
[    0.000000]   AMD AuthencAMD
[    0.000000]   Centaur CentaurHauls
[    0.000000] x86/fpu: xstate_offset[2]:  576, xstate_sizes[2]:  256
[    0.00000] x86/fpu: Supporting SAVEeature 0x01: 'x87 floating point registers'
[    0.000000] x86/fpu: Supporting XSAVE feature0x02: 'SSEegisters'
[    .000000] x86/fpu: Supporting XSAVE feature 0x0 'AX registers'
[    0.00000] x8fpu: Enabled xste features 0x7, contex size is 832 bytes, usingstandard' format.
[    0.000000] x86/fpu: Using 'ear' FPU context switches.
[    0000000] e820: BIOS-provided physical RAM map:
[    0.000000] BIOS-e820: [mem 0x0000000000000000-0x000000000009fbff] usable
[    0.000000] BIOS-e820: [mem 0x000000000009fc00-0x000000000009ffff] reserved
[    0.000000] BIOS-e820: [mem 0x00000000000f0000-0x00000000000fffff] reserved
[    0.000000] BIOS-e820: [mem 0x0000000000100000-0x00000000dffeffff] usable
[    0.000000] BIOS-e820: [mem 0x00000000dfff0000-0x00000000dfffffff] ACPI data
[    0.000000] BIOS-e820: [mem 0x00000000fec00000-0x00000000fec00fff] reserved
[    0.000000] BIOS-e820: [mem 0x00000000fee00000-0x00000000fee00fff] reserved
[    0.000000] BIOS-e820: [mem 0x00000000fffc0000-0x00000000ffffffff] reserved
[    0.000000] BIOS-e820: [mem 0x0000000100000000-0x000000011fffffff] usable
[    0.000000] NX (Execute Disable) pprotection: active
[    0.000000] SMBIOS 2.5 present.
[    0.000000] Hypervisor detected: KVM
[    0.000000] e820: last_pfn = 0x120000 max_arch_pfn = 0x400000000
[   0.000000] MTRR: Disabled
[    0.000000] x86/PAT: MTRRs dabled, skipping PAT initializion too.
[    0.000000]CPUMTRRs all blank - virtualized sstem.
[    0.000000] x86/AT: Configuration [0-7]: WB  WT  UC- UC  WB  WT  UC- UC
[   0.000000] e820: lat_pfn = 0xdfff0 max_arch_pfn = 0x400000000
[    0.000000] found SMP MP-table at [mem 0x0009fff0-0x0009ffff] mapped at [ffff88000009fff0]
[    0.000000] Scanning 1 areas for low memory corruption
[    0.000000] RAMDISK: [mem 0x36aa2000-0x37548fff]
[    0.000000] ACPI: Early table checksum verificaton disabled
[    0.00000] ACPI: RSDP 0x00000000000E0000 000024 (v02 VBOX  )
[    0.000000] ACPI: XSDT 0x00000000DFFF0030 00003C (v01 VBOX   VBOXXSDT 00000001 ASL  00000061)
[    0.000000] ACPI: FACP 0x00000000DFFF00F0 0000F4 (v04 VBOX   VBOXFACP 00000001 ASL  00000061)
[    0.000000] PI: DSDT 0x000000DFFF0480 0021FF (v02 VBOX   VBOXBIOS 00000002 INTL 20100528)
[    0.000000] ACPI: FACS 0x00000000DFFF0200 00004
[    0.000000] ACPI: FACS 0x00000000DFFF0200 00000
[    0.000000] ACPI: APIC 0x00000000DFFF0240 00006C (v02 VBOX   VBOXAPIC 00000001 ASL  00000061)
[    0.000000] ACPI: SSDT 0x00000000DFFF02B0 0001CC (v01 VBOX   VBOXCPUT 00000002 INTL 20100528)
[    0.000000] No NUMA configuration found
[    0.000000] Faking a node at [mem 0x0000000000000000-0x000000011fffffff]
[    0.000000] NODE_DATA(0) allocated [mem 0x11fff7000-0x11fffbfff]
[    0.000000] kvm-clock: Using msrs 4b564d01 and 4b564d00
[    0.000000] kvm-clock: cpu 0, msr 1:1ffef001, primary cpu clock
[    0.000000] kvm-clock: using sched offset of 3275301791 cycles
[    0.000000] clocksource: kvm-clock: mask: 0xffffffffffffffff max_cycles: 0x1cd42e4dffb, max_idle_ns: 881590591483 ns
[    0.000000] Zone ranges:
[    0.000000]   DMA      [mem 0x0000000000001000-0x0000000000ffffff]
[    0.000000]   DMA32    [mem 0x0000000001000000-0x00000000ffffffff]
[    0.000000]   Normal   [mem 0x0000000100000000-0x000000011fffffff]
[    0.000000]   Device   empty
[    0.000000] Movable zone start oreach noe
[  0.000000]Early memory node ranges
[    0.000000]   node   0: [mem 0x0000000000001000-0x000000000009efff]
[    0.000000]   node   0: [mem 0x0000000000100000-0x00000000dffeffff]
[    0.000000]   node   0: [mem 0x0000000100000000-0x000000011fffffff]
[    0.000000] Initmem setup node 0 [mem 0x0000000000001000-0x000000011fffffff]
[    0.000000] ACPI: PM-Timer IO Port: 0x4008
[    0.000000] IOAPIC[0]: apic_id 4, version 32, address 0xfec00000, GSI 0-23
[    0.000000] ACPI: INT_SRC_OVR (bus 0 bus_irq 0 global_irq 2 dfl dfl)
[    0.00000] ACPI: INT_SRC_OVR (bus 0 bus_irq 9 global_irq 9 low level)
[    000000] Using ACPI(MDT) forMP configuration information
[   .00000] smpboot: Allowing 4 CPUs, 0 hotplug CPUs
[    0.000000] PM: Registered nosave memory: [mem 000000000-0x00000fff]
[    0.000000] PM: Registered nosave memory: [mem 0x0009f000-0x0009ffff]
[    .000000 PM: Registered nosave memory: [mem 0x000a0000-0x000effff]
[    0.000000] PM: Registered save memory: [mem 0x000f0000-0x000fffff]
[    0.00000] PM: Registere nosave memory: [me 0xdfff0000-0xdfffffff]
[    0.000000] : Registered nosave memory: [mem 0xe0000000-0xfebfffff]
[    0.000000] PM:Registered nosave memory: [mem 0xfec00000-0xfec00fff]
[    0.000000] PM: Registered nosave memory: [mem 0xfec01000-0xfedfffff]
[    0.000000] PM: egistered nosave memory: [mem 0xfee00000-0xfee00fff]
[    0.000000] PM: Registered nosave memory: [mem 0xfee01000-0xfffbffff]
[    0.000000] PM: Registered nosave memory: [mem 0xfffc0000-0fffffff]
[    0.000000] e820: [mem 0xe0000000-0xfebfffff] available for PCI devices
[    0.000000] Booting paravirtualized kernel on KVM
[    0.00000] clockurce: refined-jiffies: mask: 0xffffffff max_cycles: 0xfffffff, max_idle_ns: 7645519600211568s
[    0.000000] setup_percpu: NR_CPUS:512 nr_cpumask_bits:512 nr_cpu_ids:4 nr_node_ids:1
[    0.000000] PERCPU: Embedded 34 pages/cpu @fff801fc00000 s99544 r8192 d31528 u524288
[    0.0000] PV qspinlock hash table entries: 256 (order: 0, 4096 bytes)
[    0.000000] Built 1 zonelists in Node order, mobility grouping on.  Total pages: 10320
[    0.000000] Policy zone: Nomal
[    0.000000] Kernel commad line: BOOT_IMAGE=/boot/vmlinuz-4.4.0-130-generic root=LABEL=cloudimg-rootfs ro console=tty1 console=ttyS0
[    0.000000] PID hash table entries: 4096 (order: 3, 32768 bytes)
[    0.000000] Memory: 4031848K/4193848K available (8546K kernel code, 113K rwdata, 4000K rodata, 1516K init, 1316K bss, 162000K reserved, 0K cma-reserved)
[    0.000000] SLUB: HWalign=64, Order=0-3, MinObjects=0, CPUs=4, Nodes=1
[    0.000000] Kernel/ser page tables isolation: enabled
[    0.000000] Hierarchical RCU implementation.
[    0.000000] 	Build-time adjustment of leaf fanout to 64.
[    0.000000] 	RCU restricting CPUs from NR_CPUS=512 to nr_cpu_ids=4.
[    0.000000] RCU: Adjusting geometry for rcu_fanout_leaf=64, nr_cpu_ids=4
[    0.000000] NR_IRQS:33024 nr_irqs:456 16
[    0.000000] Console: colour VGA+ 80x25
[    0.000000] console [tty1] enabled
[   0.000000] console [ttyS0 enabld
[    0.000000] tsc: Detected 2808.000 MHz processor
[    2.184392] Calibrating delay loop (skipped) preset value.. 5616.00 BogoMIPS (lpj=11232000)
[    2.186303] pid_max: default: 32768 minimum: 301
[    2.187352] ACPI: Core revision 20150930
[    2.189105] ACPI: 2 ACPI AML tables successfully acquired and loaded
[    2.190498] Security Framework initialized
[    2.191325] Yama: becoming mindful.
[    2.192096] AppArmor: AppArmor initialized
[    2.194230] Dentry cache hash table entries: 524288 (order: 10, 4194304 bytes)
[    2.198879] Inode-cache hash table entries: 262144 (order: 9, 2097152 bytes)
[    2.227922] Mount-cache hash table entries: 8192 (order: 4, 65536 bytes)
[    2.238493] Mountpoint-cache hash table entries: 8192 (order: 4, 65536 bytes)
[    2.291469] Initializing cgroup subsys io
[    2.305692] Initializing cgroup subsys memory
[    2.337735] Initializing cgroup subsys devices
[    2.373986] Initializing cgroup subsys freezer
[    2.375285] Initializing cgroup subsys net_cls
[    2.376464] Initializing cgroup subsys perf_event
[    2.377536] Initializing cgroup subsys net_prio
[    2.385592] Initializing cgroup subsys hugetlb
[    2.386555] Initializing cgroup subsys pids
[    2.387625] CPU: Physical Processor ID: 0
[    2.388455] CPU: Processor Core ID: 0
[    2.397203] mce: CPU supports 0 MCE banks
[    2.398154] Last level iTLB entries: 4KB 64, 2MB 8, 4MB 8
[    2.399428] Last level dTLB entries: 4KB 64, 2MB 0, 4MB 0, 1GB 4
[    2.400740] Spectre V2 : Mitigation: Full generic retpoline
[    2.402120] Spectre V2 : Speculation control IBPB not-supported IBRS not-supported
[    2.403651] Spectre V2 : Filling RSB on context switch
[    2.412068] Speculative Store Bypass: Vulnerable
[    2.429914] Freeing SMP alternatives memory: 32K
[    2.439202] ftrace: allocating 32245 entries in 126 pages
[    2.505338] smpboot: APIC(0) Converting physical 0 to logical package 0
[    2.518554] smpboot: Max logical packages: 1
[    2.520088] x2apic enabled
[    2.521096] Switched APIC routing to physical x2apic.
[    2.535325] ..TIMER: vector=0x30 apic1=0 pin1=2 apic2=-1 pin2=-1
[    2.657071] smpboot: CPU0: Intel(R) Core(TM) i7-7700HQ CPU @ 2.80GHz (family: 0x6, model: 0x9e, stepping: 0x9)
[    2.673161] Performance Events: unsupported p6 CPU model 158 no PMU driver, software events only.
[    2.685913] KVM setup paravirtual spinlock
[    2.701487] x86: Booting SMP configuration:
[    2.726204] .... node  #0, CPUs:      #1
[    2.735488] kvm-clock: cpu 1, msr 1:1ffef041, secondary cpu clock
[    2.744469] mce: CPU supports 0 MCE banks
[    2.747188]  #2
[    2.747829] kvm-clock: cpu 2, msr 1:1ffef081, secondary cpu clock
[    2.756754] mce: CPU supports 0 MCE banks
[    2.759718]  #3
[    2.760402] kvm-clock: cpu 3, msr 1:1ffef0c1, secondary cpu clock
[    2.768523] mce: CPU supports 0 MCE banks
[    2.771150] x86: Booted up 1 node, 4 CPUs
[    2.779292] smpboot: Total of 4 processors activated (22464.00 BogoMIPS)
[    2.801500] devtmpfs: initialized
[    2.813359] evm: security.selinux
[    2.814388] evm: security.SMACK64
[    2.816343] evm: security.SMACK64EXEC
[    2.817183] evm: security.SMACK64TRANSMUTE
[    2.818263] evm: security.SMACK64MMAP
[    2.819317] evm: security.ima
[    2.820357] evm: security.capability
[    2.821811] clocksource: jiffies: mask: 0xffffffff max_cycles: 0xffffffff, max_idle_ns: 7645041785100000 ns
[    2.825978] futex hash table entries: 1024 (order: 4, 65536 bytes)
[    2.827908] pinctrl core: initialized pinctrl subsystem
[    2.829336] RTC time:  4:48:16, date: 09/07/18
[    2.830606] NET: Registered protocol family 16
[    2.846356] cpuidle: using governor ladder
[    2.866849] cpuidle: using governor menu
[    2.868068] PCCT header not found.
[    2.869180] ACPI: bus type PCI registered
[    2.870584] acpiphp: ACPI Hot Plug PCI Controller Driver version: 0.5
[    2.883734] PCI: Using configuration type 1 for base access
[    2.899903] ACPI: Added _OSI(Module Device)
[    2.906788] ACPI: Added _OSI(Processor Device)
[    2.921285] ACPI: Added _OSI(3.0 _SCP Extensions)
[    2.929786] ACPI: Added _OSI(Processor Aggregator Device)
[    2.938822] ACPI: Executed 1 blocks of module-level executable AML code
[    2.959726] ACPI: Interpreter enabled
[    2.960878] ACPI: (supports S0 S5)
[    2.961777] ACPI: Using IOAPIC for interrupt routing
[    2.963258] PCI: Using host bridge windows from ACPI; if necessary, use "pci=nocrs" and report a bug
[    2.981173] ACPI: PCI Root Bridge [PCI0] (domain 0000 [bus 00-ff])
[    2.982358] acpi PNP0A03:00: _OSC: OS supports [ASPM ClockPM Segments MSI]
[    2.983851] acpi PNP0A03:00: _OSC: not requesting OS control; OS requires [ExtendedConfig ASPM ClockPM MSI]
[    2.985779] acpi PNP0A03:00: fail to add MMCONFIG information, can't access extended PCI configuration space under this bridge.
[    3.005881] PCI host bridge to bus 0000:00
[    3.006752] pci_bus 0000:00: root bus resource [io  0x0000-0x0cf7 window]
[    3.007988] pci_bus 0000:00: root bus resource [io  0x0d00-0xffff window]
[    3.009188] pci_bus 0000:00: root bus resource [mem 0x000a0000-0x000bffff window]
[    3.010794] pci_bus 0000:00: root bus resource [mem 0xe0000000-0xfdffffff window]
[    3.012354] pci_bus 0000:00: root bus resource [bus 00-ff]
[    3.014918] pci 0000:00:01.1: legacy IDE quirk: reg 0x10: [io  0x01f0-0x01f7]
[    3.016480] pci 0000:00:01.1: legacy IDE quirk: reg 0x14: [io  0x03f6]
[    3.020727] pci 0000:00:01.1: legacy IDE quirk: reg 0x18: [io  0x0170-0x0177]
[    3.022133] pci 0000:00:01.1: legacy IDE quirk: reg 0x1c: [io  0x0376]
[    3.055746] pci 0000:00:07.0: quirk: [io  0x4000-0x403f] claimed by PIIX4 ACPI
[    3.139355] pci 0000:00:07.0: quirk: [io  0x4100-0x410f] claimed by PIIX4 SMB
[    3.215139] ACPI: PCI Interrupt Link [LNKA] (IRQs 5 9 10 *11)
[    3.235574] ACPI: PCI Interrupt Link [LNKB] (IRQs 5 9 *10 11)
[    3.250041] ACPI: PCI Interrupt Link [LNKC] (IRQs 5 *9 10 11)
[    3.270108] ACPI: PCI Interrupt Link [LNKD] (IRQs 5 9 10 *11)
[    3.277451] ACPI: Enabled 2 GPEs in block 00 to 07
[    3.338068] vgaarb: setting as boot device: PCI:0000:00:02.0
[    3.339222] vgaarb: device added: PCI:0000:00:02.0,decodes=io+mem,owns=io+mem,locks=none
[    3.363172] vgaarb: loaded
[    3.377008] vgaarb: bridge control possible 0000:00:02.0
[    3.378492] SCSI subsystem initialized
[    3.381294] ACPI: bus type USB registered
[    3.382436] usbcore: registered new interface driver usbfs
[    3.383763] usbcore: registered new interface driver hub
[    3.385044] usbcore: registered new device driver usb
[    3.386495] PCI: Using ACPI for IRQ routing
[    3.387824] NetLabel: Initializing
[    3.388869] NetLabel:  domain hash size = 128
[    3.390075] NetLabel:  protocols = UNLABELED CIPSOv4
[    3.391080] NetLabel:  unlabeled traffic allowed by default
[    3.392288] amd_nb: Cannot enumerate AMD northbridges
[    3.393499] clocksource: Switched to clocksource kvm-clock
[    3.404848] AppArmor: AppArmor FilesysteEnabled
[    3.458292] pnp: PnP ACPI init
[    3.459702] pnp: PnP ACPI: found 3 devices
[   3.469264] clocksource: acpi_pm: mask: 0xffffff ax_ycls:xffff, max_idle_ns: 2085701024 ns
[    3.672740] NET: Registeredprotolamily2[  3.0340] TCP established hash table entries: 32768 (order: 6, 262144 bytes)
[    4.006648] TCP bind hash table entries: 32768orr:, 428 ytes)
[  457751] TCP: Hash tables configured (established 32768 bind 32768)
[  458327] UDP hash table entries: 2048 (order: 4, 65536 bytes)
[    4.457963] UDP-Lite hash table entries: 2048order: 4, 65536 bytes)
[    4.511828] NET: Registered protocol family 1
[    4.512892] pci 0000:00:00.0: Limiting direct PCI/PCtrsfs
[   4.673025] pci 00000:00:AcvangSAMA hang workarounds
[    5.048732] Unpacking initramfs...

[    6.872945] Freng inrdemory: 10908K
[    7.059656] PCI-DMA: Using software bounce buffering for IO (SWOTLB)
[    7.101822] software IO TLB [mem 0xdbff00-dfff0000] 4MB) mapped at [ffff8800dbff0000-ffff8800dffeffff]
[    783575] platform rtc_cmos: registered platform RTC device (no PNP device found)
[    7.349689] Scanning for lw memy rrptn very 60 seconds
[  799211] audit: initiazing netlnk subsys (dsabld)
[    7.86446] audit: type=2000 audit(1536295703.544:1): initialized
[    7.91977 Initialise system trusted keyring

[    7.977349] HugeTLB registered 2 MB page size, pre-allocated pas    8.115704] zbud: oad[    8.280150] VFS: Dk uots quot_6.6.0
[    8.443306] tsc: Refined TSC clocksource calibration: 2808.288 MHz
[    8.445163] clocksource: tsc: mask: 0xffffffffffffffff max_cycles: 0x287ad658e78, max_idle_ns: 440795305194 ns
[   447772] VS:qu-cache hash table entries: 512 (order 0, 406 bytes)
[    8.710360] squashfs: version 4 (29//31) Phillip Lougher
[    8.878478] fuse init (API version 7.23)
[    8.879500] Key type big_key registered
[    8.880355] Allocating IMA MOK and blacklist keyrings.

[    8.883636] Key type asymmetric registered
[    8.884786] Asymmetric key parser 'x509' registered
[    8.892855] Block layer SCSI generic (bsg) driver version 0.4 loaded (major 249)
[    8.895177] io scheduler noop registered
[    8.903076] io scheduler deadline registered (default)
[    8.904307] io scheduler cfq registered
[    8.911220] pci_hotplug: PCI Hot Plug PCI Core version: 0.5
[    8.912704] pciehp: PCI Express Hot Plug Controller Driver version: 0.4
[    8.914276] ACPI: AC Adapter [AC] (on-line)
[    8.915208] input: Power Button as /devices/LNXSYSTM:00/LNXPWRBN:00/input/input0
[    8.916844] ACPI: Power Button [PWRF]
[    8.917839] input: Sleep Button as /devices/LNXSYSTM:00/LNXSLPBN:00/input/input1
[    8.919398] ACPI: Sleep Button [SLPF]
[    8.920923] ACPI: Battery Slot [BAT0] (battery present)
[    8.922040] GHES: HEST is not enabled!
[    8.922944] Serial: 8250/16550 driver, 32 ports, IRQ sharing enabled
[    8.946638] 00:02: ttyS0 at I/O 0x3f8 (irq = 4, base_baud = 115200) is a 16550A
[    8.935 Linuagpgart interface v0.103

[    9.162784] loop: module loaded
[    9.164088] scsi host0: ata_piix
[    9.164959] scsi host1: ata_piix
[    9.165719] ata1: PATA max UDMA/33 cmd 0x1f0 ctl 0x3f6 bmdma 0xd000 irq 14
[    9.167034] ata2: PATA max UDMA/33 cmd 0x170 ctl 0x376 bmdma 0xd008 irq 15
[    9.168790] libphy: Fixed MDIO Bus: probed
[    9.169782] tun: Universal TUN/TAP device driver, 1.6
[    9.170823] tun: (C) 1999-2004 Max Krasnyansky <maxk@qualcomm.com>
[    9.171999] PPP generic driver version 2.4.2
[    9.172939] ehci_hcd: USB 2.0 'Enhanced' Host Controller (EHCI) Driver
[    9.174186] ehci-pci: EHCI PCI platform driver
[    9.175149] ehci-platform: EHCI generic platform driver
[    9.176171] ohci_hcd: USB 1.1 'Open' Host Controller (OHCI) Driver
[    9.177350] ohci-pci: OHCI PCI platform driver
[  9.178302] ohci-platform: OHCI generic platform driver
[    9.229270] uhci_hcd: USBniversal Host Controller Interface driver
[    9.283220] i8042: PNP: PS/2 Controller [PNP0303:PS2K,PNP0f03:PS2M] at 0x60,0x64 irq 1,12
[    9.285402] serio: i842 KBD port at 0x60,0x64 irq 1
[    9.315113] serio: i8042 AUX port at 0x60,0x64 irq 12
[    9.316372] mousedev: PS/2 mouse device common for all mice
[    9.317973] input: AT Translated Set 2 keyboard as /devices/platform/i8042/serio0/input/input2
[    9.337702] rtc_cmos rtc_cmos: rtc core: registered rtc_cmos as rtc0
[    9.339150] rtc_cmos rtc_cmos: alarms up to one day, 114 bytes nvram
[    9.340467] i2c ev enties driver
[    9.478807] device-mapper: uevent: version 1.0.3
[    9.480030] device-mapper: ioctl: 4.34.0-ioctl (2015-10-28) initialised: dm-devel@redhat.com
[    9.523202] ledtrig-cpu: registered to indicate activity on CPUs
[    9.569254] NET: Registered protocol family 10
[    9.586929] NET: Registered protocol family 17
[    9.603537] Key type dns_resolver registered
[    9.630374] registered taskstats version 1
[    9.639266] Loading compiled-in X.509 certificates
[    9.643096] Loaded X.509 cert 'Build time autogenerated kernel key: b3e0fe4bcd6378c38a2c0a4648abbc1fa5043a22'
[    9.654295] zswap: loaded using pool lzo/zbud
[    9.656848] Key type trusted registered
[    9.669967] Key type encrypted registered
[    9.688868] AppArmor: AppArmor sha1 policy hashing enabled
[    9.691679] ima: No TPM chip found, activating TPM-bypass!
[    9.694575] ima: Allocated hash algorithm: sha1
[    9.715107] evm: HMAC attrs: 0x1
[    9.723590]   Magic number: 2:752:817
[    9.726460] rtc_cmos rtc_cmos: setting system clock to 2018-09-07 04:48:23 UTC (1536295703)
[    9.738232] BIOS EDD facility v0.16 2004-Jun-25, 0 devices found
[    9.768658] EDD information not available.
[    9.780025] Freeing unused kernel memory: 1516K
[    9.826779] Write protecting the kernel read-only data: 14336k
[   10.734117] Freeing unused kernel memory: 1680K
[   10.767569] Freeing unused kernel memory: 96K
Loading, please wait...
starting version[   10.958190] random: systemd-udevd: uninitialized urandom read (16 bytes read, 5 bits of entropy available)
 229
[   10.958508] random: udevadm: uninitialized urandom read (16 bytes read, 5 bits of entropy available)
[   10.958542] random: udevadm: uninitialized urandom read (16 bytes read, 5 bits of entropy available)
[   10.965467] random: udevadm: uninitialized urandom read (16 bytes read, 5 bits of entropy available)
[   10.965499] random: udevadm: uninitialized urandom read (16 bytes read, 5 bits of entropy available)
[   10.965831] random: udevadm: uninitialized urandom read (16 bytes read, 5 bits of entropy available)
[   10.965878] random: udevadm: uninitialized urandom read (16 bytes read, 5 bits of entropy available)
[   10.965932] random: udevadm: uninitialized urandom read (16 bytes read, 5 bits of entropy available)
[   10.966042] random: udevadm: uninitialized urandom read (16 bytes read, 5 bits of entropy available)
[   10.966134] random: udevadm: uninitialized urandom read (16 bytes read, 5 bits of entropy available)
[   11.106372] e1000: Intel(R) PRO/1000 Network Driver - version 7.3.21-k8-NAPI
[   11.114567] e1000: Copyright (c) 1999-2006 Intel Corporation.
[   11.116346] Fusion MPT base driver 3.04.20
[   11.117559] Copyright (c) 1999-2008 LSI Corporation
[   11.130874] Fusion MPT SPI Host driver 3.04.20
[   11.137493] AVX2 version of gcm_enc/dec engaged.
[   11.161469] AES CTR mode by8 optimization enabled
[   11.330925] input: ImExPS/2 Generic Explorer Mouse as /devices/platform/i8042/serio1/input/input4
[   11.500325] e1000 0000:00:03.0 eth0: (PCI:33MHz:32-bit) 02:97:71:8a:f0:d8
[   11.521128] e1000 0000:00:03.0 eth0: Intel(R) PRO/1000 Network Connection
[   11.912096] e1000 0000:00:08.0 eth1: (PCI:33MHz:32-bit) 08:00:27:d4:d7:aa
[   11.984447] e1000 0000:00:08.0 eth1: Intel(R) PRO/1000 Network Connection
[   11.986732] e1000 0000:00:08.0 enp0s8: renamed from eth1
[   11.989598] mptbase: ioc0: Initiating bringup
[   12.061999] ioc0: LSI53C1030 A0: Capabilities={Initiator}
[   12.134220] e1000 0000:00:03.0 enp0s3: renamed from eth0
[   12.522011] scsi host2: ioc0: LSI53C1030 A0, FwRev=00000000h, Ports=1, MaxQ=256, IRQ=20
[   14.367455] scsi 2:0:0:0: Direct-Access     VBOX     HARDDISK         1.0  PQ: 0 ANSI: 5
[   14.952823] scsi target2:0:0: Beginning Domain Validation
[   14.956318] scsi target2:0:0: Domain Validation skipping write tests
[   14.957451] scsi target2:0:0: Ending Domain Validation
[   14.958788] scsi target2:0:0: asynchronous
[   14.960246] scsi 2:0:1:0: Direct-Access     VBOX     HARDDISK         1.0  PQ: 0 ANSI: 5
[   14.963931] scsi target2:0:1: Beginning Domain Validation
[   14.967497] scsi target2:0:1: Domain Validation skipping write tests
[   14.979436] scsi target2:0:1: Ending Domain Validation
[   15.106261] scsi target2:0:1: asynchronous
[   15.455178] sd 2:0:0:0: [sda] 104857600 512-byte logical blocks: (53.7 GB/50.0 GiB)
[   15.455206] sd 2:0:0:0: Attached scsi generic sg0 type 0
[   15.455702] sd 2:0:1:0: Attached scsi generic sg1 type 0
[   15.465786] sd 2:0:1:0: [sdb] 20480 512-byte logical blocks: (10.5 MB/10.0 MiB)
[   15.483253] sd 2:0:1:0: [sdb] Write Protect is off
[   15.483329] sd 2:0:0:0: [sda] Write Protect is off
[   15.483410] sd 2:0:0:0: [sda] Incomplete mode parameter data
[   15.483411] sd 2:0:0:0: [sda] Assuming drive cache: write through
[   15.484542]  sda: sda1
[   15.485276] sd 2:0:0:0: [sda] Attached SCSI disk
[   15.544633] sd 2:0:1:0: [sdb] Incomplete mode parameter data
[   15.568512] sd 2:0:1:0: [sdb] Assuming drive cache: write through
[   15.586207] sd 2:0:1:0: [sdb] Attached SCSI disk
Begin: Loading essential drivers ... [   17.011398] md: linear personality registered for level -1
[   17.023426] md: multipath personality registered for level -4
[   17.042166] md: raid0 personality registered for level 0
[   17.060080] md: raid1 personality registered for level 1
[   17.130182] raid6: sse2x1   gen() 10406 MB/s
[   17.218017] raid6: sse2x1   xor()  6251 MB/s
[   17.361559] raid6: sse2x2   gen() 13502 MB/s
[   17.446415] raid6: sse2x2   xor()  9546 MB/s
[   17.565513] raid6: sse2x4   gen() 15564 MB/s
[   17.653734] raid6: sse2x4   xor()  9615 MB/s
[   17.738222] raid6: avx2x1   gen() 20705 MB/s
[   17.869989] raid6: avx2x2   gen() 25056 MB/s
[   17.938288] raid6: avx2x4   gen() 27469 MB/s
[   17.939407] raid6: using algorithm avx2x4 gen() 27469 MB/s
[   17.976283] raid6: using avx2x2 recovery algorithm
[   18.011588] xor: automatically using best checksumming function:
[   18.057956]    avx       : 26224.000 MB/sec
[   18.151912] async_tx: api initialized (async)
[   18.191515] md: raid6 personality registered for level 6
[   18.194978] md: raid5 personality registered for level 5
[   18.260180] md: raid4 personality registered for level 4
[   18.341597] md: raid10 personality registered for level 10
done.
Begin: Running /scripts/i[   18.382949] Btrfs loaded
nit-premount ... done.
Begin: Mounting root file system ... Begin: Running /scripts/local-top ... done.
Begin: Running /scripts/local-premount ... Scanning for Btrfs filesystems
done.
Warning: fsck not present, so skipping root file system
[   18.444339] EXT4-fs (sda1): mounted filesystem with ordered data mode. Opts: (null)
done.
Begin: Running /scripts/local-bottom ... done.
Begin: Running /scripts/init-bottom ... done.
[   18.541859] systemd[1]: systemd 229 running in sytemode. (+PAM +AUDIT +SELINUX +IM+APPARMOR +SMACK +SYSVINIT +UTMP +LIBCRYPTSETUP +GCRYPT +GNLSAC+X -LZ4 +SECCOM+BLD +ELFUTILS +KMOD -IDN)
[  19.045765syem1]Dect vtuizionrae.
[   19.670176] systemd[1]: Detected architecture x86-64.

Welcome to [1mUbuntu 16.04.4 LTS[0m!

[  1.7053] sted[: t stamtoubunu>

[   2040699] systemd[1]: Initalizngacin Ifr random generator.
[ 204997systemd[1]: Installed traie /c/che- fe.

[ 21830143] random: nonblocking pool is initialized
[   22.020125] systemd[1]: Listening on Syslog Socket.
[[0;32m  OK  [0m] Listening on Syslog Socket.
[   .472 system1] Listening on Journal Socket.
[[0;32m  OK  [0m] Listening on Journal Socket.
[ 2280661 stem[1]: Lienngn everl cket.
[[0;32m  OK  [0m] Listening on udev Kernel Socket.
[   23.494315] systemd[1]: Reached target Swap.
[[0;32m  OK  [0m] Reached target Swap.
[   23.720031] sstd[: istening  /v/itc Cpabityam Ppe.

[[0;32m  OK  [0m] Listening on /dev/initctl Compatibility Named Pipe.
[   24.409221] systemd[1]: Listening on LVM2 metadata daemon socket.
[[0;32m  OK  [0m] Listening on LVM2 metadata daemon socket.
[   24.5048 systemd[1]: Listening on Journal Socket (/dev/log).
[[0;32m  OK  [0m] Listening on Journal Socket (/dev/log).
[ 24385]systd[: taedrieresolvconf update for networkd DNS. [[0;32m  OK  [0m] Started Trigger resolvconf update for networkd DNS.
[   25.790810] systemd[1]:Rehetaetysm meynroze

[[0;32m  OK  [0m] Reached target System Time Synchronized.
[   26.346283] systemd[1]: Listening on Device-mapper event daemon FIFOs.
[[0;32m  OK  [0m] Listening on Device-mapper event daemon FIFOs.
[   26.349260] systemd[1]: Listening on Journal Audit Socket.
[[0;32m  OK  [0m] Listening on Journal Audit Socket.
[   26.352029] systemd[1]: Listening on udev Control Socket.
[[0;32m  OK  [0m] Listening on udev Control Socket.
[   26.454513] systemd[1]: Listening on LVM2 poll daemon socket.
[[0;32m  OK  [0m] Listening on LVM2 poll daemon socket.
[ 26.730790] systemd[1]: Created slice User and Session Slice.
[[0;32m  OK  [0m] Created slice User and Session Slice.
[  26.979046] sstemd[1]: Reacd rg EryedVolumes.
[[0;32m  OK  [0m] Reached target Encrypted Volumes.
[   27.461823] systemd[1]: Set up automount Arbitrary Executable File Formats File System Automount Point.
[[0;32m  OK  [0m] Set up automount Arbitrary Executab...ats File System Automount Point.
[   27.465221] systemd[1]: Reached target User and Group Name Lookups.
[[0;32m  OK  [0m] Reached target User and Group Name Lookups.
[   27.467836] systemd[1]: Created slice Systm Slic
[[0;32m  OK  [0m] Created slice System Slice.
[   27.71600 ste[1]: Reached rg Slices.

[[0;32m  OK  [0m] Reached target Slices.
[   280534syem1] Created slice system-serial\x2dgetty.slice.
[[0;32m  OK  [0m] Created slice system-serial\x2dgetty.slice.
[   28.710652] systemd[1]: Starting Monitoring of LVM2 mirrors, snapshots etc. using dmeventd or progress polling...
         Starting Monitoring of LVM2 mirrors... dmeventd or progress polling...
[   28.865461] systemd[1]: Mounting POSIX Message Queue File System...
         Mounting POSIX Message Queue File System...
[   29.693846] systemd[1]: Starting Uncomplicated firewall...
         Starting Uncomplicated firewall...
[   29.715355] systemd[1]: Starting Create list of required static device nodes for the current kernel...
         Starting Create list of required st... nodes for the current kernel...
[   29.950765] systemd[1]: Starting Set console keymap...
         Starting Set console keymap...
[   30.057948] systemd[1]: Starting Nameserver information manager...
         Starting Nameserver information manager...
[   30.437058] systemd[1]: Starting Journal Service...
         Starting Journal Service...
[   30.774386] systemd[1]: Mounting Debug File System...
         Mounting Debug File System...
[   31.052358] systemd[1]:Stti Rount Root and Kernel File Systems...
         [   31.323020] EXT4-fs (sda1): re-mounted. Opts: (null)
Starting Remount Root and Kernel File Systems...
[   31.660742] systemd[1]: Started Forward Password Requests to Wall Directory Watch.
[[0;32m  OK  [0m] Started Forward Password Requests to Wall Directory Watch.
[   31.775267] systemd[1]: Mounting Huge Pages File System...
         Mounting Huge Pages File System...
[   31.916808] systemd[1]: Starting Load Kernel Modules...
         Starting Load Kernel Modules...
[   31.932514] Loading iSCSI transport class v2.0-870.
[   31.933647] systemd[1]: Mounted Debug File System.
[[0;32m  OK  [0m] Mounted Debug File System.
[   31.972050] systemd[1]: Mounted Huge Pages File System.
[[0;32m  OK  [0m] Mounted Huge Pages File System.
[   31.989008] iscsi: registered transport (tcp)
[   32.686167] systemd[1]: Mounted POSIX Message Queue File System.
[[0;32m  OK  [0m] Mounted POSIX Message Queue File System.
[   32.691957] systemd[1]: Started Journal Service.
[[0;32m  OK  [0m] Started Journal Service.
[[0;32m  OK  [0m] Started Uncomplicated firewall.[   32.706850] iscsi: registered transport (iser)

[[0;32m  OK  [0m] Started Create list of required sta...ce nodes for the current kernel.
[[0;32m  OK  [0m] Started Set console keymap.
[[0;32m  OK  [0m] Started Remount Root and Kernel File Systems.
[[0;32m  OK  [0m] Started Load Kernel Modules.
[[0;32m  OK  [0m] Started Nameserver information manager.
[[0;32m  OK  [0m] Started LVM2 metadata daemon.
         Mounting FUSE Control File System...
         Starting Apply Kernel Variables...
         Starting udev Coldplug all Devices...
         Starting Load/Save Random Seed...
         Starting Create Static Device Nodes in /dev...
         Starting Flush Journal to Persistent Storage...
[[0;32m  OK  [0m] Mounted FUSE Control File System.
[[0;32m  OK  [0m] Started Apply Kernel Variables.
[[0;32m  OK  [0m] Started Load/Save Random Seed.
[[0;32m  OK  [0m] Started Create Static Device Nodes in /dev.
[[0;32m  OK  [0m] Started udev Coldplug all Devices.
[[0;32m  OK  [0m] Started Monitoring of LVM2 mirrors,...ng dmeventd or progress polling.
[[0;32m  OK  [0m] Started Flush Journal to Persistent Storage.
         Starting udev Kernel Device Manager...
[[0;32m  OK  [0m] Started udev Kernel Device Manager.
[[0;32m  OK  [0m] Started Dispatch Password Requests to Console Directory Watch.
[[0;32m  OK  [0m] Reached target Local File Systems (Pre).
[[0;32m  OK  [0m] Reached target Local File Systems.
         Starting Set console font and keymap...
         Starting Tell Plymouth To Write Out Runtime Data...
         Starting Commit a transient machine-id on disk...
         Starting Create Volatile Files and Directories...
         Starting Initial cloud-init job (pre-networking)...
         Starting LSB: AppArmor initialization...
[[0;32m  OK  [0m] Started Tell Plymouth To Write Out Runtime Data.
[[0;32m  OK  [0m] Started Create Volatile Files and Directories.
[[0;32m  OK  [0m] Started Commit a transient machine-id on disk.
[[0;32m  OK  [0m] Found device /dev/ttyS0.
[[0;32m  OK  [0m] Listening on Load/Save RF Kill Switch Status /dev/rfkill Watch.
         Starting Update UTMP about System Boot/Shutdown...
[[0;32m  OK  [0m] Started Update UTMP about System Boot/Shutdown.
[[0;32m  OK  [0m] Started LSB: AppArmor initialization.
[   32.331765] cloud-init[570]: Cloud-init v. 18.2 running 'init-local' at Fri, 07 Sep 2018 04:48:48 +0000. Up 32.02 seconds.
[[0;32m  OK  [0m] Started Initial cloud-init job (pre-networking).
[[0;32m  OK  [0m] Reached target Network (Pre).
         Starting Raise network interfaces...
[[0;32m  OK  [0m] Started Set console font and keymap.
[[0;32m  OK  [0m] Created slice system-getty.slice.
[[0;32m  OK  [0m] Started Raise network interfaces.
         Starting Initial cloud-init job (metadata service crawler)...
[[0;32m  OK  [0m] Reached target Network.
[   33.834221] cloud-init[1008]: Cloud-init v. 18.2 running 'init' at Fri, 07 Sep 2018 04:48:49 +0000. Up 33.29 seconds.
[   33.851151] cloud-init[1008]: ci-info: ++++++++++++++++++++++++++++++++++++++Net device info++++++++++++++++++++++++++++++++++++++
[   33.878528] [cloud-init[0;32m  OK  [0m[1008]: ] ci-info: +--------+-------+----------------------------+---------------+-------+-------------------+Started Initial cloud-init job (metadata service crawler).

[   33.878810] cloud-init[1008]: ci-info: | Device |   Up  |          Address           |      Mask     | Scope |     Hw-Address    |
[   34.637237] [cloud-init[0;32m  OK  [0m[1008]: ] ci-info: +--------+-------+----------------------------+---------------+-------+-------------------+Reached target Network is Online.

[   34.638142] cloud-init[1008]: ci-info: | enp0s3 |  True |         10.0.2.15          | 255.255.255.0 |   .   | 02:97:71:8a:f0:d8 |
[   34.780444]          cloud-initStarting iSCSI initiator daemon (iscsid)...[1008]: 
ci-info: | enp0s3 |  True | fe80::97:71ff:fe8a:f0d8/64 |       .       |  link | 02:97:71:8a:f0:d8 |
[   34.834997] [cloud-init[0;32m  OK  [0m[1008]: ] ci-info: | enp0s8 | False |             .              |       .       |   .   | 08:00:27:d4:d7:aa |Reached target Cloud-config availability.

[   35.032673] [cloud-init[0;32m  OK  [0m[1008]: ] ci-info: |   lo   |  True |         127.0.0.1          |   255.0.0.0   |   .   |         .         |Reached target System Initialization.

[   35.500902] [cloud-init[0;32m  OK  [0m[1008]: ] ci-info: |   lo   |  True |          ::1/128           |       .       |  host |         .         |Started ACPI Events Check.

[[   35.502151] [0;32m  OK  [0mcloud-init] [1008]: Reached target Paths.ci-info: +--------+-------+----------------------------+---------------+-------+-------------------+

[   35.677469] [cloud-init[0;32m  OK  [0m[1008]: ] ci-info: +++++++++++++++++++++++++++Route IPv4 info++++++++++++++++++++++++++++Started Daily apt download activities.

[[   35.677759] [0;32m  OK  [0mcloud-init] [1008]: Started Daily apt upgrade and clean activities.ci-info: +-------+-------------+----------+---------------+-----------+-------+

[   35.756727]          cloud-initStarting Socket activation for snappy daemon.[1008]: 
ci-info: | Route | Destination | Gateway  |    Genmask    | Interface | Flags |
[   35.836856]          cloud-initStarting LXD - unix socket.[1008]: 
ci-info: +-------+-------------+----------+---------------+-----------+-------+
[   35.861185] [cloud-init[0;32m  OK  [0m[1008]: ] ci-info: |   0   |   0.0.0.0   | 10.0.2.2 |    0.0.0.0    |   enp0s3  |   UG  |Started Daily Cleanup of Temporary Directories.

[[   35.862355] [0;32m  OK  [0mcloud-init] [1008]: Listening on ACPID Listen Socket.ci-info: |   1   |   10.0.2.0  | 0.0.0.0  | 255.255.255.0 |   enp0s3  |   U   |

[   36.069464] [cloud-init[0;32m  OK  [0m[1008]: ] ci-info: +-------+-------------+----------+---------------+-----------+-------+Reached target Timers.

[   36.069986] [cloud-init[0;32m  OK  [0m[1008]: ] Generating public/private rsa key pair.Listening on UUID daemon activation socket.

[   36.381401] [cloud-init[0;32m  OK  [0m[1008]: ] Your identification has been saved in /etc/ssh/ssh_host_rsa_key.Listening on D-Bus System Message Bus Socket.

[   36.382495] cloud-init[1008]: Your public key has been saved in /etc/ssh/ssh_host_rsa_key.pub.
[   36.452705] [cloud-init[0;32m  OK  [0m[1008]: ] The key fingerprint is:Listening on Socket activation for snappy daemon.

[   36.453674] [cloud-init[0;32m  OK  [0m[1008]: ] SHA256:JMF3fVr9A7ejEZIeEiP80fUeFLXh55YddeiJe1qKSdg root@ubuntu-xenialListening on LXD - unix socket.

[   36.713064] [cloud-init[0;32m  OK  [0m[1008]: ] The key's randomart image is:Started iSCSI initiator daemon (iscsid).

[   36.714020] cloud-init[1008]: +---[RSA 2048]----+
[   36.724461] cloud-init[1008]: |     .o. oo.o. **|
[   36.735120] cloud-init[1008]: |      .oooo=.oB.*|
[   36.743481] cloud-init[1008]: |      ..o.+ o*+B+|
         Starting Login to default iSCSI targets...
[[   36.773155] [0;32m  OK  [0mcloud-init] [1008]: Reached target Sockets.|       o . .o.+=B|

[   36.815368] [cloud-init[0;32m  OK  [0m[1008]: ] |        So   .oo*|Reached target Basic System.

[   36.908915]          cloud-initStarting Pollinate to seed the pseudo random number generator...[1008]: 
|        . E ..o. |
[   36.937289]          cloud-initStarting Apply the settings specified in cloud-config...[1008]: 
|         . o =   |
[[0;32m  OK  [0m] Started Regular background program processing daemon.
[   36.945490] cloud-init[1008]: |          o o    |
[   36.960994]          cloud-initStarting Login Service...[1008]: 
|                 |
[[0;32m  OK  [0m] Started D-Bus System Message Bus.
[   36.975953] cloud-init[1008]: +----[SHA256]-----+
[   36.978417] cloud-init[1008]: Generating public/private dsa key pair.
[   36.979739] cloud-init[1008]: Your identification has been saved in /etc/ssh/ssh_host_dsa_key.
[   36.997474] [cloud-init[0;32m  OK  [0m[1008]: ] Your public key has been saved in /etc/ssh/ssh_host_dsa_key.pub.Started Unattended Upgrades Shutdown.

[   36.999412] cloud-init[1008]: The key fingerprint is:
[   37.000385] cloud-init[1008]: SHA256:FV1bnkCNVG48gnnJfCLkqhGy5oDCIWXnxZCFLLo7WAg root@ubuntu-xenial
[   37.001848] cloud-init[1008]: The key's randomart image is:
[   37.002879] cloud-init[1008]: +---[DSA 1024]----+
[   37.003857] cloud-init[1008]: |  o.o*o   .oo==..|
[   37.004792] cloud-init[1008]: | o.o+..   o.*.==.|
[   37.009104] cloud-init[1008]: |.o ... .  .= B.B.|
[   37.010144] cloud-init[1008]: |E o   o ... o = .|
[   37.011055] cloud-init[1008]: |o= . o .S.       |
[   37.011965] cloud-init[1008]: |+ . +   o        |
[   37.012980] cloud-init[1008]: |.o   . .         |
[   37.014112] cloud-init[1008]: |+                |
[   37.015060] cloud-init[1008]: | .               |
[[   37.016109] [0;32m  OK  [0mcloud-init] [1008]: Started Deferred execution scheduler.+----[SHA256]-----+

         Starting System Logging Service...
[   37.035466] cloud-init[1008]: Generating public/private ecdsa key pair.
[   37.056246] [cloud-init[0;32m  OK  [0m[1008]: ] Your identification has been saved in /etc/ssh/ssh_host_ecdsa_key.Started ACPI event daemon.

[   37.056507] cloud-init[1008]: Your public key has been saved in /etc/ssh/ssh_host_ecdsa_key.pub.
[   37.120776] cloud-init[1008]: The key fingerprint is:
[   37.128523] cloud-init[1008]: SHA256:Byysd0rCYv/InrnX0BgzzgHAcDa2R4VLGQMMo0kx7WA root@ubuntu-xenial
[   37.130440] cloud-init[1008]: The key's randomart image is:
         [   37.131836] Starting LXD - container startup/shutdown...cloud-init
[1008]: +---[ECDSA 256]---+
[   37.148491]          cloud-initStarting Virtualbox guest utils...[1008]: 
|+OXo+=.          |
         Starting LSB: Record successful boot for GRUB...
[   37.164717] cloud-init[1008]: |oE+==o .         |
[   37.181643]          cloud-initStarting LSB: MD monitoring daemon...[1008]: 
|+ +..oo o        |
[   37.183491]          cloud-initStarting Accounts Service...[1008]: 
|   +..=. .       |
[   37.198188] [cloud-init[0;32m  OK  [0m[1008]: ] |  o +ooBS .      |Started FUSE filesystem for LXC.

[   37.198481] cloud-init[1008]: | . o +=o..       |
[   37.205906]          Starting /etc/rc.local Compatibility...
cloud-init[1008]: |    . .o         |
[   37.218324]          cloud-initStarting Snappy daemon...[1008]: 
|   . =. .        |
[   37.241851] [[0;32m  OK  [0m] Started System Logging Service.
cloud-init[1008]: |   .Bo.          |
[[0;32m  OK  [0m] Started LXD - container startup/shutdown.
[   37.244910] [[0;32m  OK  [0m] Started /etc/rc.local Compatibility.
cloud-init[1008]: +----[SHA256]-----+
[   37.258981] cloud-init[1008]: Generating public/private ed25519 key pair.
[   37.264541] cloud-init[1008]: Your identification has been saved in /etc/ssh/ssh_host_ed25519_key.
[   37.274439] cloud-init[1008]: Your public key has been saved in /etc/ssh/ssh_host_ed25519_key.pub.
[   37.276313] cloud-init[1008]: The key fingerprint is:
[   37.277585] cloud-init[1008]: SHA256:c3UI6OQEWtyEmf1MdyIQH91MppMMNMOsQegObj/7X+8 root@ubuntu-xenial
[   37.285664] [cloud-init[0;32m  OK  [0m[1008]: ] The key's randomart image is:Started Pollinate to seed the pseudo random number generator.

[   37.295735] cloud-init[1008]: +--[ED25519 256]--+
[   37.297783] [cloud-init[0;32m  OK  [0m[1008]: ] |     .o@=BB. +o  |Started Login to default iSCSI targets.

[   37.298091] cloud-init[1008]: |     o* B.=B+=+  |
[   37.301743] cloud-init[1008]: |    .. = *.oBo.  |
[   37.302802] cloud-init[1008]: |    . . + o. o   |
[   37.305407] cloud-init[1008]: |   . o  S .      |
[   37.307649] cloud-init[1008]: |    o .  o       |
[   37.364489] [cloud-init[0;32m  OK  [0m[1008]: ] |   . .      .    |Started LSB: Record successful boot for GRUB.

[[   37.364923] [0;32m  OK  [0mcloud-init] [1008]: Started LSB: MD monitoring daemon.|      o    . .   |

[   37.379039] [cloud-init[0;32m  OK  [0m[1008]: ] |      .+...  .E  |Started Snappy daemon.

[   37.397416] [cloud-init[0;32m  OK  [0m[1008]: ] +----[SHA256]-----+Started Virtualbox guest utils.

[[0;32m  OK  [0m] Started Login Service.
         Starting Authenticate and Authorize Users to Run Privileged Tasks...
         Starting Wait until snapd is fully seeded...
[[0;32m  OK  [0m] Reached target Remote File Systems (Pre).
[[0;32m  OK  [0m] Reached target Remote File Systems.
         Starting LSB: daemon to balance interrupts for SMP systems...
         Starting Permit User Sessions...
         Starting LSB: Set the CPU Frequency Scaling governor to "ondemand"...
         Starting LSB: automatic crash report generation...
         Starting OpenBSD Secure Shell server...
[[0;32m  OK  [0m] Started Permit User Sessions.
[[0;32m  OK  [0m] Started Authenticate and Authorize Users to Run Privileged Tasks.
[[0;32m  OK  [0m] Started OpenBSD Secure Shell server.
[[0;32m  OK  [0m] Started Accounts Service.
[   37.525647] cloud-init[1127]: Generating locales (this might take a while)...
         Starting Hold until boot process finishes up...
         Starting Terminate Plymouth Boot Screen...
[[0;32m  OK  [0m] Started LSB: daemon to balance interrupts for SMP systems.
[[0;32m  OK  [0m] Started LSB: Set the CPU Frequency Scaling governor to "ondemand".
[[0;32m  OK  [0m] Started LSB: automatic crash report generation.
[[0;32m  OK  [0m] Started Hold until boot process finishes up.
[[0;32m  OK  [0m] Started Terminate Plymouth Boot Screen.
[[0;32m  OK  [0m] Started Serial Getty on ttyS0.
[[0;32m  OK  [0m] Started Getty on tty1.
[[0;32m  OK  [0m] Reached target Login Prompts.
         Starting Set console scheme...
[[0;32m  OK  [0m] Started Set console scheme.
[[0;32m  OK  [0m] Started Wait until snapd is fully seeded.
[[0;32m  OK  [0m] Reached target Multi-User System.
[[0;32m  OK  [0m] Reached target Graphical Interface.
         Starting Update UTMP about System Runlevel Changes...
[[0;32m  OK  [0m] Started Update UTMP about System Runlevel Changes.
[   38.396121] cloud-init[1127]:   en_US.UTF-8... done
[   38.410791] cloud-init[1127]: Generation complete.
[   38.680594] cloud-init[1127]: Cloud-init v. 18.2 running 'modules:config' at Fri, 07 Sep 2018 04:48:54 +0000. Up 37.34 seconds.
[[0;32m  OK  [0m] Started Apply the settings specified in cloud-config.
         Starting Execute cloud user/final scripts...
ci-info: no authorized ssh keys fingerprints found for user ubuntu.
<14>Sep  7 04:48:55 ec2: 
<14>Sep  7 04:48:55 ec2: #############################################################
<14>Sep  7 04:48:55 ec2: -----BEGIN SSH HOST KEY FINGERPRINTS-----
<14>Sep  7 04:48:55 ec2: 1024 SHA256:FV1bnkCNVG48gnnJfCLkqhGy5oDCIWXnxZCFLLo7WAg root@ubuntu-xenial (DSA)
<14>Sep  7 04:48:55 ec2: 256 SHA256:Byysd0rCYv/InrnX0BgzzgHAcDa2R4VLGQMMo0kx7WA root@ubuntu-xenial (ECDSA)
<14>Sep  7 04:48:55 ec2: 256 SHA256:c3UI6OQEWtyEmf1MdyIQH91MppMMNMOsQegObj/7X+8 root@ubuntu-xenial (ED25519)
<14>Sep  7 04:48:55 ec2: 2048 SHA256:JMF3fVr9A7ejEZIeEiP80fUeFLXh55YddeiJe1qKSdg root@ubuntu-xenial (RSA)
<14>Sep  7 04:48:55 ec2: -----END SSH HOST KEY FINGERPRINTS-----
<14>Sep  7 04:48:55 ec2: #############################################################
-----BEGIN SSH HOST KEY KEYS-----
ecdsa-sha2-nistp256 AAAAE2VjZHNhLXNoYTItbmlzdHAyNTYAAAAIbmlzdHAyNTYAAABBBD9K3hlb3V3eUlW+X2oZVKBVId1d/mFQWD6uoKXkldGWOtP8/nc31d1srwGzxwzk5JG8HdH9uQAcDwM+NWrkqdU= root@ubuntu-xenial
ssh-ed25519 AAAAC3NzaC1lZDI1NTE5AAAAIKirR/8WBgVQ2z1oWBEgnq1Eo3sAbZZcYJFsu0mHDCI8 root@ubuntu-xenial
ssh-rsa AAAAB3NzaC1yc2EAAAADAQABAAABAQC0Rk2eP5RcEij6Yh+YhVIhnfQY0OAMrGMN73Tab06Y/SpNIySV+byR3tGnqM9EVyttdjokYMJDMCMBMl6HSrMTVCkDRyil9ZYRc5lgT6PU61SL34VJHgkGvICFHSrqVWcYFgqUL9GkkrbO5wlULDGpa/3y0YgTUJSUlNyUVrGAUR80ZJcEp+jttceivp09AeLIgo8msDLo9T6MH4A9Hr5UxALXu40A2jB0abqDQSjbJGr7vSYzzzXdSOQBNUI7z4KJyyfAXaJIBn+qzemFTmGxtP3oiXf98HG4Gp/G/Qng9LVDVLW/jLk+cu3Wdsh2lrXGN8BuWJwTmN31liQBoHlT root@ubuntu-xenial
-----END SSH HOST KEY KEYS-----
[   39.751003] cloud-init[1356]: Cloud-init v. 18.2 running 'modules:final' at Fri, 07 Sep 2018 04:48:55 +0000. Up 39.04 seconds.
[   39.773963] cloud-init[1356]: ci-info: no authorized ssh keys fingerprints found for user ubuntu.
[   39.775889] cloud-init[1356]: Cloud-init v. 18.2 finished at Fri, 07 Sep 2018 04:48:56 +0000. Datasource DataSourceNoCloud [seed=/dev/sdb][dsmode=net].  Up 39.74 seconds
[[0;32m  OK  [0m] Started Execute cloud user/final scripts.
[[0;32m  OK  [0m] Reached target Cloud-init target.

Ubuntu 16.04.4 LTS ubuntu-xenial ttyS0

ubuntu-xenial login: 